<?xml version="1.0" encoding="UTF-8"?>
<!-- Generated by org.testng.reporters.JUnitXMLReporter -->
<testsuite ignored="2" hostname="DESKTOP-MAK5DAR" failures="1" tests="1" name="Default test(failed)" time="0.084" errors="0" timestamp="2021-07-14T18:49:58 IST">
  <testcase classname="myself.ngTest" name="print3" time="0.014">
    <failure type="java.lang.Error" message="Unresolved compilation problem: 
	The method printl(String) is undefined for the type PrintStream
">
      <![CDATA[java.lang.Error: Unresolved compilation problem: 
The method printl(String) is undefined for the type PrintStream

at myself.ngTest.print3(ngTest.java:23)
at java.base/java.util.ArrayList.forEach(ArrayList.java:1511)
... Removed 27 stack frames]]>
    </failure>
  </testcase> <!-- print3 -->
  <testcase classname="myself.ngTest" name="print" time="0.0">
    <ignored/>
  </testcase> <!-- print -->
  <testcase classname="myself.ngTest" name="print2" time="0.0">
    <ignored/>
  </testcase> <!-- print2 -->
</testsuite> <!-- Default test(failed) -->
